[ 2015-12-07T09:34:07+08:00 ] ::1 /ThinkPHP/Public/Js/ThinkAjax.js
ERR: 无法加载模块:Public

[ 2015-12-07T09:34:07+08:00 ] ::1 /ThinkPHP/Public/Js/mootools.js
ERR: 无法加载模块:Public

[ 2015-12-07T09:34:07+08:00 ] ::1 /ThinkPHP/Public/Js/Base.js
ERR: 无法加载模块:Public

c

[ 2015-12-07T09:34:07+08:00 ] ::1 /ThinkPHP/Public/Js/prototype.js
ERR: 无法加载模块:Public

[ 2015-12-07T09:34:07+08:00 ] ::1 /ThinkPHP/Public/Js/mootools.js
ERR: 无法加载模块:Public

[ 2015-12-07T09:34:07+08:00 ] ::1 /ThinkPHP/Public/Js/ThinkAjax.js
ERR: 无法加载模块:Public

[ 2015-12-07T09:34:09+08:00 ] ::1 /ThinkPHP/Public/Js/prototype.js
ERR: 无法加载模块:Public

[ 2015-12-07T09:34:09+08:00 ] ::1 /ThinkPHP/Public/Js/mootools.js
ERR: 无法加载模块:Public

[ 2015-12-07T09:34:09+08:00 ] ::1 /ThinkPHP/Public/Js/Base.js
ERR: 无法加载模块:Public

[ 2015-12-07T09:34:09+08:00 ] ::1 /ThinkPHP/Public/Js/ThinkAjax.js
ERR: 无法加载模块:Public

[ 2015-12-07T09:34:09+08:00 ] ::1 /ThinkPHP/Public/Js/prototype.js
ERR: 无法加载模块:Public

[ 2015-12-07T09:34:09+08:00 ] ::1 /ThinkPHP/Public/Js/mootools.js
ERR: 无法加载模块:Public

[ 2015-12-07T09:34:09+08:00 ] ::1 /ThinkPHP/Public/Js/ThinkAjax.js
ERR: 无法加载模块:Public

[ 2015-12-07T09:35:00+08:00 ] ::1 /ThinkPHP/Public/Js/ThinkAjax.js
ERR: 无法加载模块:Public

[ 2015-12-07T09:35:00+08:00 ] ::1 /ThinkPHP/Public/Js/prototype.js
ERR: 无法加载模块:Public

[ 2015-12-07T09:35:00+08:00 ] ::1 /ThinkPHP/Public/Js/Base.js
ERR: 无法加载模块:Public

[ 2015-12-07T09:35:00+08:00 ] ::1 /ThinkPHP/Public/Js/mootools.js
ERR: 无法加载模块:Public

[ 2015-12-07T09:35:00+08:00 ] ::1 /ThinkPHP/Public/Js/prototype.js
ERR: 无法加载模块:Public

[ 2015-12-07T09:35:00+08:00 ] ::1 /ThinkPHP/Public/Js/mootools.js
ERR: 无法加载模块:Public

[ 2015-12-07T09:35:00+08:00 ] ::1 /ThinkPHP/Public/Js/ThinkAjax.js
ERR: 无法加载模块:Public

[ 2015-12-07T09:40:09+08:00 ] ::1 /ThinkPHP/Public/Js/Base.js
ERR: 无法加载模块:Public

[ 2015-12-07T09:40:09+08:00 ] ::1 /ThinkPHP/Public/Js/mootools.js
ERR: 无法加载模块:Public

[ 2015-12-07T09:40:09+08:00 ] ::1 /ThinkPHP/Public/Js/prototype.js
ERR: 无法加载模块:Public

[ 2015-12-07T09:40:09+08:00 ] ::1 /ThinkPHP/Public/Js/ThinkAjax.js
ERR: 无法加载模块:Public

[ 2015-12-07T09:40:09+08:00 ] ::1 /ThinkPHP/Public/Js/prototype.js
ERR: 无法加载模块:Public

[ 2015-12-07T09:40:09+08:00 ] ::1 /ThinkPHP/Public/Js/mootools.js
ERR: 无法加载模块:Public

[ 2015-12-07T09:40:09+08:00 ] ::1 /ThinkPHP/Public/Js/ThinkAjax.js
ERR: 无法加载模块:Public

[ 2015-12-07T09:41:06+08:00 ] ::1 /ThinkPHP/Public/Js/mootools.js
ERR: 无法加载模块:Public

[ 2015-12-07T09:41:06+08:00 ] ::1 /ThinkPHP/Public/Js/Base.js
ERR: 无法加载模块:Public

[ 2015-12-07T09:41:06+08:00 ] ::1 /ThinkPHP/Public/Js/prototype.js
ERR: 无法加载模块:Public

[ 2015-12-07T09:41:06+08:00 ] ::1 /ThinkPHP/Public/Js/ThinkAjax.js
ERR: 无法加载模块:Public

[ 2015-12-07T09:41:06+08:00 ] ::1 /ThinkPHP/Public/Js/prototype.js
ERR: 无法加载模块:Public

[ 2015-12-07T09:41:06+08:00 ] ::1 /ThinkPHP/Public/Js/mootools.js
ERR: 无法加载模块:Public

[ 2015-12-07T09:41:06+08:00 ] ::1 /ThinkPHP/Public/Js/ThinkAjax.js
ERR: 无法加载模块:Public

[ 2015-12-07T09:41:17+08:00 ] ::1 /ThinkPHP/Public/Js/Base.js
ERR: 无法加载模块:Public

[ 2015-12-07T09:41:17+08:00 ] ::1 /ThinkPHP/Public/Js/prototype.js
ERR: 无法加载模块:Public

[ 2015-12-07T09:41:17+08:00 ] ::1 /ThinkPHP/Public/Js/mootools.js
ERR: 无法加载模块:Public

[ 2015-12-07T09:41:17+08:00 ] ::1 /ThinkPHP/Public/Js/ThinkAjax.js
ERR: 无法加载模块:Public

[ 2015-12-07T09:41:17+08:00 ] ::1 /ThinkPHP/Public/Js/prototype.js
ERR: 无法加载模块:Public

[ 2015-12-07T09:41:17+08:00 ] ::1 /ThinkPHP/Public/Js/mootools.js
ERR: 无法加载模块:Public

[ 2015-12-07T09:41:17+08:00 ] ::1 /ThinkPHP/Public/Js/ThinkAjax.js
ERR: 无法加载模块:Public

[ 2015-12-07T09:48:38+08:00 ] ::1 /ThinkPHP/Public/Js/Base.js
ERR: 无法加载模块:Public

[ 2015-12-07T09:48:38+08:00 ] ::1 /ThinkPHP/Public/Js/prototype.js
ERR: 无法加载模块:Public

[ 2015-12-07T09:48:38+08:00 ] ::1 /ThinkPHP/Public/Js/mootools.js
ERR: 无法加载模块:Public

[ 2015-12-07T09:48:38+08:00 ] ::1 /ThinkPHP/Public/Js/ThinkAjax.js
ERR: 无法加载模块:Public

[ 2015-12-07T09:48:39+08:00 ] ::1 /ThinkPHP/Public/Js/Base.js
ERR: 无法加载模块:Public

[ 2015-12-07T09:48:39+08:00 ] ::1 /ThinkPHP/Public/Js/prototype.js
ERR: 无法加载模块:Public

[ 2015-12-07T09:48:39+08:00 ] ::1 /ThinkPHP/Public/Js/mootools.js
ERR: 无法加载模块:Public

[ 2015-12-07T09:48:39+08:00 ] ::1 /ThinkPHP/Public/Js/ThinkAjax.js
ERR: 无法加载模块:Public

[ 2015-12-07T09:50:03+08:00 ] ::1 /ThinkPHP/Public/Js/Base.js
ERR: 无法加载模块:Public

[ 2015-12-07T09:50:03+08:00 ] ::1 /ThinkPHP/Public/Js/mootools.js
ERR: 无法加载模块:Public

[ 2015-12-07T09:50:03+08:00 ] ::1 /ThinkPHP/Public/Js/Ajax/ThinkAjax.js
ERR: 无法加载模块:Public

[ 2015-12-07T09:50:03+08:00 ] ::1 /ThinkPHP/Public/Js/prototype.js
ERR: 无法加载模块:Public

[ 2015-12-07T09:50:03+08:00 ] ::1 /ThinkPHP/Public/Js/prototype.js
ERR: 无法加载模块:Public

[ 2015-12-07T09:50:03+08:00 ] ::1 /ThinkPHP/Public/Js/mootools.js
ERR: 无法加载模块:Public

[ 2015-12-07T09:50:03+08:00 ] ::1 /ThinkPHP/Public/Js/Ajax/ThinkAjax.js
ERR: 无法加载模块:Public

[ 2015-12-07T09:50:18+08:00 ] ::1 /ThinkPHP/Public/Js/Base.js
ERR: 无法加载模块:Public

[ 2015-12-07T09:50:18+08:00 ] ::1 /ThinkPHP/Public/Js/mootools.js
ERR: 无法加载模块:Public

[ 2015-12-07T09:50:18+08:00 ] ::1 /ThinkPHP/Public/Js/prototype.js
ERR: 无法加载模块:Public

[ 2015-12-07T09:50:18+08:00 ] ::1 /ThinkPHP/Public/Js/Ajax/ThinkAjax.js
ERR: 无法加载模块:Public

[ 2015-12-07T09:50:18+08:00 ] ::1 /ThinkPHP/Public/Js/prototype.js
ERR: 无法加载模块:Public

[ 2015-12-07T09:50:18+08:00 ] ::1 /ThinkPHP/Public/Js/mootools.js
ERR: 无法加载模块:Public

[ 2015-12-07T09:50:18+08:00 ] ::1 /ThinkPHP/Public/Js/Ajax/ThinkAjax.js
ERR: 无法加载模块:Public

[ 2015-12-07T09:51:55+08:00 ] ::1 /ThinkPHP/Public/Js/ThinkAjax.js
ERR: 无法加载模块:Public

[ 2015-12-07T09:51:55+08:00 ] ::1 /ThinkPHP/Public/Js/ThinkAjax.js
ERR: 无法加载模块:Public

[ 2015-12-07T09:56:56+08:00 ] ::1 /ThinkPHP/Public/js/jquery-1.7.1.min.js
ERR: 无法加载模块:Public

[ 2015-12-07T09:57:23+08:00 ] ::1 /ThinkPHP/Public/Js/ThinkAjax.js
ERR: 无法加载模块:Public

[ 2015-12-07T10:01:34+08:00 ] ::1 /ThinkPHP/Public/Js/ThinkAjax.js
ERR: 无法加载模块:Public

[ 2015-12-07T10:45:53+08:00 ] ::1 /ThinkPHP/Public/js/jquery-1.7.1.min.js
ERR: 无法加载模块:Public

[ 2015-12-07T10:46:02+08:00 ] ::1 /ThinkPHP/Public/js/jquery-1.7.1.min.js
ERR: 无法加载模块:Public

